<?xml version="1.0" encoding="UTF-8" ?>
<testsuite tests="1" failures="0" name="SpringWebConsumer.SpringWebConsumer.AppTest" time="0.005" errors="0" skipped="0">
  <properties>
    <property name="java.runtime.name" value="Java(TM) SE Runtime Environment"/>
    <property name="sun.boot.library.path" value="C:\Program Files\Java\jdk1.8.0_91\jre\bin"/>
    <property name="java.vm.version" value="25.91-b15"/>
    <property name="java.vm.vendor" value="Oracle Corporation"/>
    <property name="maven.multiModuleProjectDirectory" value="D:\Spring Workspace\SpringWebConsumer"/>
    <property name="java.vendor.url" value="http://java.oracle.com/"/>
    <property name="path.separator" value=";"/>
    <property name="guice.disable.misplaced.annotation.check" value="true"/>
    <property name="java.vm.name" value="Java HotSpot(TM) 64-Bit Server VM"/>
    <property name="file.encoding.pkg" value="sun.io"/>
    <property name="user.script" value=""/>
    <property name="user.country" value="US"/>
    <property name="sun.java.launcher" value="SUN_STANDARD"/>
    <property name="sun.os.patch.level" value=""/>
    <property name="java.vm.specification.name" value="Java Virtual Machine Specification"/>
    <property name="user.dir" value="D:\Spring Workspace\SpringWebConsumer"/>
    <property name="java.runtime.version" value="1.8.0_91-b15"/>
    <property name="java.awt.graphicsenv" value="sun.awt.Win32GraphicsEnvironment"/>
    <property name="java.endorsed.dirs" value="C:\Program Files\Java\jdk1.8.0_91\jre\lib\endorsed"/>
    <property name="os.arch" value="amd64"/>
    <property name="java.io.tmpdir" value="C:\Users\Akash\AppData\Local\Temp\"/>
    <property name="line.separator" value="
"/>
    <property name="java.vm.specification.vendor" value="Oracle Corporation"/>
    <property name="user.variant" value=""/>
    <property name="os.name" value="Windows 8.1"/>
    <property name="classworlds.conf" value="D:\Spring Workspace\.metadata\.plugins\org.eclipse.m2e.launching\launches\m2conf1281544387909921856.tmp"/>
    <property name="sun.jnu.encoding" value="Cp1252"/>
    <property name="java.library.path" value="C:\Program Files\Java\jdk1.8.0_91\bin;C:\Windows\Sun\Java\bin;C:\Windows\system32;C:\Windows;C:/Program Files/Java/jre1.8.0_91/bin/server;C:/Program Files/Java/jre1.8.0_91/bin;C:/Program Files/Java/jre1.8.0_91/lib/amd64;C:\ProgramData\Oracle\Java\javapath;C:\Windows\system32;C:\Windows;C:\Windows\System32\Wbem;C:\Windows\System32\WindowsPowerShell\v1.0\;c:\Program Files\Intel\WiFi\bin\;c:\Program Files\Common Files\Intel\WirelessCommon\;C:\Program Files (x86)\Java\jdk1.8.0_91\bin;C:\Program Files\nodejs\node_modules\npm\bin;C:\Program Files\nodejs\bin;C:\Program Files (x86)\Skype\Phone\;c:\Program Files\Intel\WiFi\bin\;c:\Program Files\Common Files\Intel\WirelessCommon\;C:\Users\Akash\AppData\Roaming\npm;D:\eclipse setup\eclipse-jee-neon-R-win32-x86_64\eclipse;;."/>
    <property name="java.specification.name" value="Java Platform API Specification"/>
    <property name="java.class.version" value="52.0"/>
    <property name="sun.management.compiler" value="HotSpot 64-Bit Tiered Compilers"/>
    <property name="os.version" value="6.3"/>
    <property name="user.home" value="C:\Users\Akash"/>
    <property name="user.timezone" value="Asia/Muscat"/>
    <property name="java.awt.printerjob" value="sun.awt.windows.WPrinterJob"/>
    <property name="java.specification.version" value="1.8"/>
    <property name="file.encoding" value="Cp1252"/>
    <property name="user.name" value="Akash"/>
    <property name="java.class.path" value="D:\Spring Workspace\SpringWebConsumer\target\classes;C:\Users\Akash\.m2\repository\org\springframework\boot\spring-boot-starter-ws\1.2.0.RELEASE\spring-boot-starter-ws-1.2.0.RELEASE.jar;C:\Users\Akash\.m2\repository\org\springframework\boot\spring-boot-starter\1.2.0.RELEASE\spring-boot-starter-1.2.0.RELEASE.jar;C:\Users\Akash\.m2\repository\org\springframework\boot\spring-boot\1.2.0.RELEASE\spring-boot-1.2.0.RELEASE.jar;C:\Users\Akash\.m2\repository\org\springframework\boot\spring-boot-autoconfigure\1.2.0.RELEASE\spring-boot-autoconfigure-1.2.0.RELEASE.jar;C:\Users\Akash\.m2\repository\org\springframework\boot\spring-boot-starter-logging\1.2.0.RELEASE\spring-boot-starter-logging-1.2.0.RELEASE.jar;C:\Users\Akash\.m2\repository\org\slf4j\jcl-over-slf4j\1.7.7\jcl-over-slf4j-1.7.7.jar;C:\Users\Akash\.m2\repository\org\slf4j\slf4j-api\1.7.7\slf4j-api-1.7.7.jar;C:\Users\Akash\.m2\repository\org\slf4j\jul-to-slf4j\1.7.7\jul-to-slf4j-1.7.7.jar;C:\Users\Akash\.m2\repository\org\slf4j\log4j-over-slf4j\1.7.7\log4j-over-slf4j-1.7.7.jar;C:\Users\Akash\.m2\repository\ch\qos\logback\logback-classic\1.1.2\logback-classic-1.1.2.jar;C:\Users\Akash\.m2\repository\ch\qos\logback\logback-core\1.1.2\logback-core-1.1.2.jar;C:\Users\Akash\.m2\repository\org\springframework\boot\spring-boot-starter-web\1.2.0.RELEASE\spring-boot-starter-web-1.2.0.RELEASE.jar;C:\Users\Akash\.m2\repository\org\springframework\boot\spring-boot-starter-tomcat\1.2.0.RELEASE\spring-boot-starter-tomcat-1.2.0.RELEASE.jar;C:\Users\Akash\.m2\repository\org\apache\tomcat\embed\tomcat-embed-core\8.0.15\tomcat-embed-core-8.0.15.jar;C:\Users\Akash\.m2\repository\org\apache\tomcat\embed\tomcat-embed-el\8.0.15\tomcat-embed-el-8.0.15.jar;C:\Users\Akash\.m2\repository\org\apache\tomcat\embed\tomcat-embed-logging-juli\8.0.15\tomcat-embed-logging-juli-8.0.15.jar;C:\Users\Akash\.m2\repository\org\apache\tomcat\embed\tomcat-embed-websocket\8.0.15\tomcat-embed-websocket-8.0.15.jar;C:\Users\Akash\.m2\repository\com\fasterxml\jackson\core\jackson-databind\2.4.4\jackson-databind-2.4.4.jar;C:\Users\Akash\.m2\repository\com\fasterxml\jackson\core\jackson-annotations\2.4.0\jackson-annotations-2.4.0.jar;C:\Users\Akash\.m2\repository\com\fasterxml\jackson\core\jackson-core\2.4.4\jackson-core-2.4.4.jar;C:\Users\Akash\.m2\repository\org\hibernate\hibernate-validator\5.1.3.Final\hibernate-validator-5.1.3.Final.jar;C:\Users\Akash\.m2\repository\javax\validation\validation-api\1.1.0.Final\validation-api-1.1.0.Final.jar;C:\Users\Akash\.m2\repository\org\jboss\logging\jboss-logging\3.1.3.GA\jboss-logging-3.1.3.GA.jar;C:\Users\Akash\.m2\repository\com\fasterxml\classmate\1.0.0\classmate-1.0.0.jar;C:\Users\Akash\.m2\repository\org\springframework\spring-web\4.1.3.RELEASE\spring-web-4.1.3.RELEASE.jar;C:\Users\Akash\.m2\repository\org\springframework\spring-webmvc\4.1.3.RELEASE\spring-webmvc-4.1.3.RELEASE.jar;C:\Users\Akash\.m2\repository\org\springframework\spring-expression\4.1.3.RELEASE\spring-expression-4.1.3.RELEASE.jar;C:\Users\Akash\.m2\repository\org\springframework\spring-core\4.1.3.RELEASE\spring-core-4.1.3.RELEASE.jar;C:\Users\Akash\.m2\repository\org\springframework\spring-jms\4.1.3.RELEASE\spring-jms-4.1.3.RELEASE.jar;C:\Users\Akash\.m2\repository\org\springframework\spring-aop\4.1.3.RELEASE\spring-aop-4.1.3.RELEASE.jar;C:\Users\Akash\.m2\repository\aopalliance\aopalliance\1.0\aopalliance-1.0.jar;C:\Users\Akash\.m2\repository\org\springframework\spring-beans\4.1.3.RELEASE\spring-beans-4.1.3.RELEASE.jar;C:\Users\Akash\.m2\repository\org\springframework\spring-context\4.1.3.RELEASE\spring-context-4.1.3.RELEASE.jar;C:\Users\Akash\.m2\repository\org\springframework\spring-messaging\4.1.3.RELEASE\spring-messaging-4.1.3.RELEASE.jar;C:\Users\Akash\.m2\repository\org\springframework\spring-tx\4.1.3.RELEASE\spring-tx-4.1.3.RELEASE.jar;C:\Users\Akash\.m2\repository\org\springframework\spring-oxm\4.1.3.RELEASE\spring-oxm-4.1.3.RELEASE.jar;C:\Users\Akash\.m2\repository\org\springframework\ws\spring-ws-core\2.2.0.RELEASE\spring-ws-core-2.2.0.RELEASE.jar;C:\Users\Akash\.m2\repository\org\springframework\ws\spring-xml\2.2.0.RELEASE\spring-xml-2.2.0.RELEASE.jar;C:\Users\Akash\.m2\repository\org\springframework\ws\spring-ws-support\2.2.0.RELEASE\spring-ws-support-2.2.0.RELEASE.jar;C:\Users\Akash\.m2\repository\javax\xml\bind\jaxb-api\2.2.12\jaxb-api-2.2.12.jar;"/>
    <property name="java.vm.specification.version" value="1.8"/>
    <property name="sun.arch.data.model" value="64"/>
    <property name="java.home" value="C:\Program Files\Java\jdk1.8.0_91\jre"/>
    <property name="sun.java.command" value="org.codehaus.plexus.classworlds.launcher.Launcher -B install"/>
    <property name="java.specification.vendor" value="Oracle Corporation"/>
    <property name="user.language" value="en"/>
    <property name="awt.toolkit" value="sun.awt.windows.WToolkit"/>
    <property name="java.vm.info" value="mixed mode"/>
    <property name="java.version" value="1.8.0_91"/>
    <property name="java.ext.dirs" value="C:\Program Files\Java\jdk1.8.0_91\jre\lib\ext;C:\Windows\Sun\Java\lib\ext"/>
    <property name="sun.boot.class.path" value="C:\Program Files\Java\jdk1.8.0_91\jre\lib\resources.jar;C:\Program Files\Java\jdk1.8.0_91\jre\lib\rt.jar;C:\Program Files\Java\jdk1.8.0_91\jre\lib\sunrsasign.jar;C:\Program Files\Java\jdk1.8.0_91\jre\lib\jsse.jar;C:\Program Files\Java\jdk1.8.0_91\jre\lib\jce.jar;C:\Program Files\Java\jdk1.8.0_91\jre\lib\charsets.jar;C:\Program Files\Java\jdk1.8.0_91\jre\lib\jfr.jar;C:\Program Files\Java\jdk1.8.0_91\jre\classes"/>
    <property name="java.vendor" value="Oracle Corporation"/>
    <property name="maven.home" value="D:\Spring Workspace\SpringWebConsumer\EMBEDDED"/>
    <property name="file.separator" value="\"/>
    <property name="java.vendor.url.bug" value="http://bugreport.sun.com/bugreport/"/>
    <property name="sun.cpu.endian" value="little"/>
    <property name="sun.io.unicode.encoding" value="UnicodeLittle"/>
    <property name="sun.desktop" value="windows"/>
    <property name="sun.cpu.isalist" value="amd64"/>
  </properties>
  <testcase classname="SpringWebConsumer.SpringWebConsumer.AppTest" name="testApp" time="0.005"/>
</testsuite>